<?xml version="1.0" encoding="UTF-8" ?>
<testsuite tests="22" failures="0" name="ua.pti.myatm.ATMTest" time="0.249" errors="0" skipped="0">
  <properties>
[...]
</properties>
  <testcase classname="ua.pti.myatm.ATMTest" name="testCheckCard_NoCardInserted" time="0.005"/>
  <testcase classname="ua.pti.myatm.ATMTest" name="testIsEnoughMoneyInAccount_Correct" time="0.218"/>
  <testcase classname="ua.pti.myatm.ATMTest" name="testGetCash_InCorrectOrderGetBalanceBeforeWithdraw" time="0.014"/>
  <testcase classname="ua.pti.myatm.ATMTest" name="testIsEnoughMoneyInATM_Correct" time="0"/>
  <testcase classname="ua.pti.myatm.ATMTest" name="testIsEnoughMoneyInATM_IsNotEnoughMoney_NotEnoughMoneyInATMException" time="0"/>
  <testcase classname="ua.pti.myatm.ATMTest" name="testConstructor_IncorrectSetMoneyInATM_IllegalArgumentException" time="0"/>
  <testcase classname="ua.pti.myatm.ATMTest" name="testGetCash_Correct" time="0.001"/>
  <testcase classname="ua.pti.myatm.ATMTest" name="testValidateCard_CardIsBlockedAndIncorrectPinCode" time="0.001"/>
  <testcase classname="ua.pti.myatm.ATMTest" name="testCheckCard_Correct" time="0"/>
  <testcase classname="ua.pti.myatm.ATMTest" name="testGetCash_NoCardInserted" time="0.001"/>
  <testcase classname="ua.pti.myatm.ATMTest" name="testConstructor_CorrectSetMoneyInATM" time="0"/>
  <testcase classname="ua.pti.myatm.ATMTest" name="testGetCash_NotEnoughMoneyInAccount_NotEnoughMoneyInAccountException" time="0.001"/>
  <testcase classname="ua.pti.myatm.ATMTest" name="testValidateCard_IncorrectPinCode" time="0"/>
  <testcase classname="ua.pti.myatm.ATMTest" name="testCheckBalance_Correct" time="0.001"/>
  <testcase classname="ua.pti.myatm.ATMTest" name="testIsEnoughMoneyInAccount_IsNotEnoughMoney_NotEnoughMoneyInAccountException" time="0.001"/>
  <testcase classname="ua.pti.myatm.ATMTest" name="testValidateCard_Correct" time="0.001"/>
  <testcase classname="ua.pti.myatm.ATMTest" name="testGetCash_InCorrectOrderCall" time="0.001"/>
  <testcase classname="ua.pti.myatm.ATMTest" name="testGetCash_CorrectMoneyTransactionInATM" time="0.001"/>
  <testcase classname="ua.pti.myatm.ATMTest" name="testGetCash_IncorrectPinCode" time="0.001"/>
  <testcase classname="ua.pti.myatm.ATMTest" name="testGetCash_NotEnoughMoneyInATM_NotEnoughMoneyInAccountException" time="0.001"/>
  <testcase classname="ua.pti.myatm.ATMTest" name="testValidateCard_CardIsBlocked" time="0.001"/>
  <testcase classname="ua.pti.myatm.ATMTest" name="testValidateCard_CardIsNull_NoCardInsertedException" time="0"/>
</testsuite>